<?xml version="1.0" encoding="UTF-8"?>
<!-- Generated by org.testng.reporters.JUnitXMLReporter -->
<testsuite ignored="2" hostname="Siyaram" failures="2" tests="3" name="Surefire test" time="41.041" errors="0" timestamp="2023-10-18T12:53:55 IST">
  <testcase classname="leads_Module.ToCreatLeadTest" name="toCreateALeadAndToVerifyTheLeadInformation" time="1.553">
    <skipped/>
  </testcase> <!-- toCreateALeadAndToVerifyTheLeadInformation -->
  <testcase classname="leads_Module.ToCreatLeadTest" name="toCreateALeadAndToVerifyTheLeadInformation" time="0.457">
    <failure type="java.lang.AssertionError" message="null">
      <![CDATA[java.lang.AssertionError: null
at leads_Module.ToCreatLeadTest.toCreateALeadAndToVerifyTheLeadInformation(ToCreatLeadTest.java:39)
at java.base/java.util.ArrayList.forEach(ArrayList.java:1511)
... Removed 32 stack frames]]>
    </failure>
  </testcase> <!-- toCreateALeadAndToVerifyTheLeadInformation -->
  <testcase classname="product_Module.ToCreateAProductTest" name="toCreateAProductWithVendorInformation" time="0.151">
    <failure type="java.lang.NullPointerException" message="Cannot invoke &amp;quot;org.apache.poi.ss.usermodel.Sheet.getRow(int)&amp;quot; because the return value of &amp;quot;org.apache.poi.ss.usermodel.Workbook.getSheet(String)&amp;quot; is null">
      <![CDATA[java.lang.NullPointerException: Cannot invoke "org.apache.poi.ss.usermodel.Sheet.getRow(int)" because the return value of "org.apache.poi.ss.usermodel.Workbook.getSheet(String)" is null
at generic_Utility.D_ExcellUtility.featchDateDataFromExcelSheet(D_ExcellUtility.java:56)
at product_Module.ToCreateAProductTest.toCreateAProductWithVendorInformation(ToCreateAProductTest.java:18)
at java.base/java.util.ArrayList.forEach(ArrayList.java:1511)
... Removed 30 stack frames]]>
    </failure>
  </testcase> <!-- toCreateAProductWithVendorInformation -->
  <testcase classname="generic_Utility.A_BaseClass" name="@BeforeSuite bsConfig" time="0.0">
    <ignored/>
  </testcase> <!-- @BeforeSuite bsConfig -->
  <testcase classname="generic_Utility.A_BaseClass" name="@AfterSuite asConfig" time="0.0">
    <ignored/>
  </testcase> <!-- @AfterSuite asConfig -->
</testsuite> <!-- Surefire test -->
