<?xml version="1.0" encoding="UTF-8"?>
<testsuite xmlns:xsi="http://www.w3.org/2001/XMLSchema-instance" xsi:noNamespaceSchemaLocation="https://maven.apache.org/surefire/maven-surefire-plugin/xsd/surefire-test-report-3.0.xsd" version="3.0" name="TestSuite" time="30.383" tests="6" errors="0" skipped="5" failures="1">
  <properties>
[...]
</properties>
  <testcase name="toCreateALeadAndToVerifyTheLeadInformation" classname="leads_Module.ToCreatLeadTest" time="0.0">
    <skipped message="TypeError: browsingContext.currentWindowGlobal is null&#10;Build info: version: &apos;4.13.0&apos;, revision: &apos;ba948ece5b*&apos;&#10;System info: os.name: &apos;Windows 10&apos;, os.arch: &apos;amd64&apos;, os.version: &apos;10.0&apos;, java.version: &apos;11.0.19&apos;&#10;Driver info: org.openqa.selenium.firefox.FirefoxDriver&#10;Command: [88cf75a7-1efd-44ef-a995-5a4dc76a78c8, findElement {using=name, value=salutationtype}]&#10;Capabilities {acceptInsecureCerts: true, browserName: firefox, browserVersion: 119.0, moz:accessibilityChecks: false, moz:buildID: 20231019122658, moz:debuggerAddress: 127.0.0.1:26231, moz:geckodriverVersion: 0.33.0, moz:headless: false, moz:platformVersion: 10.0, moz:processID: 12108, moz:profile: C:\Users\HP\AppData\Local\T..., moz:shutdownTimeout: 60000, moz:webdriverClick: true, moz:windowless: false, pageLoadStrategy: normal, platformName: windows, proxy: Proxy(), se:cdp: ws://127.0.0.1:26231/devtoo..., se:cdpVersion: 85.0, setWindowRect: true, strictFileInteractability: false, timeouts: {implicit: 0, pageLoad: 300000, script: 30000}, unhandledPromptBehavior: dismiss and notify}&#10;Session ID: 88cf75a7-1efd-44ef-a995-5a4dc76a78c8"/>
    <system-out><![CDATA[[TestNGContentHandler] [WARN] It is strongly recommended to add "<!DOCTYPE suite SYSTEM "http://testng.org/testng-1.0.dtd" >" at the top of your file, otherwise TestNG may fail or not work as expected.
The Data base connection has been Established
The firefox browser has been launched
The user has navigated to http://localhost:8888/
The login was successfull
]]></system-out>
    <system-err><![CDATA[SLF4J: Failed to load class "org.slf4j.impl.StaticLoggerBinder".
SLF4J: Defaulting to no-operation (NOP) logger implementation
SLF4J: See http://www.slf4j.org/codes.html#StaticLoggerBinder for further details.
ERROR StatusLogger Log4j2 could not find a logging implementation. Please add log4j-core to the classpath. Using SimpleLogger to log to the console...
]]></system-err>
  </testcase>
  <testcase name="toCreateALeadAndToVerifyTheLeadInformation" classname="leads_Module.ToCreatLeadTest" time="0.0">
    <skipped message="java.lang.reflect.InvocationTargetException&#10;Build info: version: &apos;4.13.0&apos;, revision: &apos;ba948ece5b*&apos;&#10;System info: os.name: &apos;Windows 10&apos;, os.arch: &apos;amd64&apos;, os.version: &apos;10.0&apos;, java.version: &apos;11.0.19&apos;&#10;Driver info: org.openqa.selenium.firefox.FirefoxDriver&#10;Command: [88cf75a7-1efd-44ef-a995-5a4dc76a78c8, actions {actions=[org.openqa.selenium.interactions.Sequence@36baa049]}]&#10;Capabilities {acceptInsecureCerts: true, browserName: firefox, browserVersion: 119.0, moz:accessibilityChecks: false, moz:buildID: 20231019122658, moz:debuggerAddress: 127.0.0.1:26231, moz:geckodriverVersion: 0.33.0, moz:headless: false, moz:platformVersion: 10.0, moz:processID: 12108, moz:profile: C:\Users\HP\AppData\Local\T..., moz:shutdownTimeout: 60000, moz:webdriverClick: true, moz:windowless: false, pageLoadStrategy: normal, platformName: windows, proxy: Proxy(), se:cdp: ws://127.0.0.1:26231/devtoo..., se:cdpVersion: 85.0, setWindowRect: true, strictFileInteractability: false, timeouts: {implicit: 0, pageLoad: 300000, script: 30000}, unhandledPromptBehavior: dismiss and notify}&#10;Session ID: 88cf75a7-1efd-44ef-a995-5a4dc76a78c8"/>
  </testcase>
  <testcase name="amConfig" classname="leads_Module.ToCreatLeadTest" time="13.186">
    <failure message="java.lang.reflect.InvocationTargetException&#10;Build info: version: &apos;4.13.0&apos;, revision: &apos;ba948ece5b*&apos;&#10;System info: os.name: &apos;Windows 10&apos;, os.arch: &apos;amd64&apos;, os.version: &apos;10.0&apos;, java.version: &apos;11.0.19&apos;&#10;Driver info: org.openqa.selenium.firefox.FirefoxDriver&#10;Command: [88cf75a7-1efd-44ef-a995-5a4dc76a78c8, actions {actions=[org.openqa.selenium.interactions.Sequence@36baa049]}]&#10;Capabilities {acceptInsecureCerts: true, browserName: firefox, browserVersion: 119.0, moz:accessibilityChecks: false, moz:buildID: 20231019122658, moz:debuggerAddress: 127.0.0.1:26231, moz:geckodriverVersion: 0.33.0, moz:headless: false, moz:platformVersion: 10.0, moz:processID: 12108, moz:profile: C:\Users\HP\AppData\Local\T..., moz:shutdownTimeout: 60000, moz:webdriverClick: true, moz:windowless: false, pageLoadStrategy: normal, platformName: windows, proxy: Proxy(), se:cdp: ws://127.0.0.1:26231/devtoo..., se:cdpVersion: 85.0, setWindowRect: true, strictFileInteractability: false, timeouts: {implicit: 0, pageLoad: 300000, script: 30000}, unhandledPromptBehavior: dismiss and notify}&#10;Session ID: 88cf75a7-1efd-44ef-a995-5a4dc76a78c8" type="org.openqa.selenium.json.JsonException"><![CDATA[org.openqa.selenium.json.JsonException: 
java.lang.reflect.InvocationTargetException
Build info: version: '4.13.0', revision: 'ba948ece5b*'
System info: os.name: 'Windows 10', os.arch: 'amd64', os.version: '10.0', java.version: '11.0.19'
Driver info: org.openqa.selenium.firefox.FirefoxDriver
Command: [88cf75a7-1efd-44ef-a995-5a4dc76a78c8, actions {actions=[org.openqa.selenium.interactions.Sequence@36baa049]}]
Capabilities {acceptInsecureCerts: true, browserName: firefox, browserVersion: 119.0, moz:accessibilityChecks: false, moz:buildID: 20231019122658, moz:debuggerAddress: 127.0.0.1:26231, moz:geckodriverVersion: 0.33.0, moz:headless: false, moz:platformVersion: 10.0, moz:processID: 12108, moz:profile: C:\Users\HP\AppData\Local\T..., moz:shutdownTimeout: 60000, moz:webdriverClick: true, moz:windowless: false, pageLoadStrategy: normal, platformName: windows, proxy: Proxy(), se:cdp: ws://127.0.0.1:26231/devtoo..., se:cdpVersion: 85.0, setWindowRect: true, strictFileInteractability: false, timeouts: {implicit: 0, pageLoad: 300000, script: 30000}, unhandledPromptBehavior: dismiss and notify}
Session ID: 88cf75a7-1efd-44ef-a995-5a4dc76a78c8
	at org.openqa.selenium.json.JsonOutput.convertUsingMethod(JsonOutput.java:520)
	at org.openqa.selenium.json.JsonOutput.lambda$new$16(JsonOutput.java:182)
	at org.openqa.selenium.json.JsonOutput.write0(JsonOutput.java:409)
	at org.openqa.selenium.json.JsonOutput.lambda$new$22(JsonOutput.java:204)
	at java.base/java.util.stream.ForEachOps$ForEachOp$OfRef.accept(ForEachOps.java:183)
	at java.base/java.util.stream.ReferencePipeline$2$1.accept(ReferencePipeline.java:177)
	at java.base/java.util.Iterator.forEachRemaining(Iterator.java:133)
	at java.base/java.util.Spliterators$IteratorSpliterator.forEachRemaining(Spliterators.java:1801)
	at java.base/java.util.stream.AbstractPipeline.copyInto(AbstractPipeline.java:484)
	at java.base/java.util.stream.AbstractPipeline.wrapAndCopyInto(AbstractPipeline.java:474)
	at java.base/java.util.stream.ForEachOps$ForEachOp.evaluateSequential(ForEachOps.java:150)
	at java.base/java.util.stream.ForEachOps$ForEachOp$OfRef.evaluateSequential(ForEachOps.java:173)
	at java.base/java.util.stream.AbstractPipeline.evaluate(AbstractPipeline.java:234)
	at java.base/java.util.stream.ReferencePipeline.forEach(ReferencePipeline.java:497)
	at org.openqa.selenium.json.JsonOutput.lambda$new$23(JsonOutput.java:204)
	at org.openqa.selenium.json.JsonOutput.write0(JsonOutput.java:409)
	at org.openqa.selenium.json.JsonOutput.lambda$new$24(JsonOutput.java:222)
	at com.google.common.collect.SingletonImmutableBiMap.forEach(SingletonImmutableBiMap.java:68)
	at org.openqa.selenium.json.JsonOutput.lambda$new$25(JsonOutput.java:217)
	at org.openqa.selenium.json.JsonOutput.write0(JsonOutput.java:409)
	at org.openqa.selenium.json.JsonOutput.write(JsonOutput.java:400)
	at org.openqa.selenium.json.Json.toJson(Json.java:133)
	at org.openqa.selenium.json.Json.toJson(Json.java:119)
	at org.openqa.selenium.remote.codec.AbstractHttpCommandCodec.encode(AbstractHttpCommandCodec.java:273)
	at org.openqa.selenium.remote.codec.AbstractHttpCommandCodec.encode(AbstractHttpCommandCodec.java:127)
	at org.openqa.selenium.remote.HttpCommandExecutor.execute(HttpCommandExecutor.java:179)
	at org.openqa.selenium.remote.service.DriverCommandExecutor.invokeExecute(DriverCommandExecutor.java:196)
	at org.openqa.selenium.remote.service.DriverCommandExecutor.execute(DriverCommandExecutor.java:171)
	at org.openqa.selenium.remote.RemoteWebDriver.execute(RemoteWebDriver.java:602)
	at org.openqa.selenium.remote.RemoteWebDriver.perform(RemoteWebDriver.java:688)
	at org.openqa.selenium.interactions.Actions$BuiltAction.perform(Actions.java:605)
	at org.openqa.selenium.interactions.Actions.perform(Actions.java:574)
	at pom_Repository.B_HomePage.logoutAction(B_HomePage.java:136)
	at generic_Utility.A_BaseClass.amConfig(A_BaseClass.java:73)
	at java.base/jdk.internal.reflect.NativeMethodAccessorImpl.invoke0(Native Method)
	at java.base/jdk.internal.reflect.NativeMethodAccessorImpl.invoke(NativeMethodAccessorImpl.java:62)
	at java.base/jdk.internal.reflect.DelegatingMethodAccessorImpl.invoke(DelegatingMethodAccessorImpl.java:43)
	at java.base/java.lang.reflect.Method.invoke(Method.java:566)
	at org.testng.internal.MethodInvocationHelper.invokeMethod(MethodInvocationHelper.java:124)
	at org.testng.internal.MethodInvocationHelper.invokeMethodConsideringTimeout(MethodInvocationHelper.java:59)
	at org.testng.internal.Invoker.invokeConfigurationMethod(Invoker.java:458)
	at org.testng.internal.Invoker.invokeConfigurations(Invoker.java:222)
	at org.testng.internal.Invoker.invokeMethod(Invoker.java:646)
	at org.testng.internal.Invoker.invokeTestMethod(Invoker.java:719)
	at org.testng.internal.Invoker.invokeTestMethods(Invoker.java:989)
	at org.testng.internal.TestMethodWorker.invokeTestMethods(TestMethodWorker.java:125)
	at org.testng.internal.TestMethodWorker.run(TestMethodWorker.java:109)
	at org.testng.TestRunner.privateRun(TestRunner.java:648)
	at org.testng.TestRunner.run(TestRunner.java:505)
	at org.testng.SuiteRunner.runTest(SuiteRunner.java:455)
	at org.testng.SuiteRunner.runSequentially(SuiteRunner.java:450)
	at org.testng.SuiteRunner.privateRun(SuiteRunner.java:415)
	at org.testng.SuiteRunner.run(SuiteRunner.java:364)
	at org.testng.SuiteRunnerWorker.runSuite(SuiteRunnerWorker.java:52)
	at org.testng.SuiteRunnerWorker.run(SuiteRunnerWorker.java:84)
	at org.testng.TestNG.runSuitesSequentially(TestNG.java:1208)
	at org.testng.TestNG.runSuitesLocally(TestNG.java:1137)
	at org.testng.TestNG.runSuites(TestNG.java:1049)
	at org.testng.TestNG.run(TestNG.java:1017)
	at org.apache.maven.surefire.testng.TestNGExecutor.run(TestNGExecutor.java:308)
	at org.apache.maven.surefire.testng.TestNGXmlTestSuite.execute(TestNGXmlTestSuite.java:71)
	at org.apache.maven.surefire.testng.TestNGProvider.invoke(TestNGProvider.java:113)
	at org.apache.maven.surefire.booter.ForkedBooter.runSuitesInProcess(ForkedBooter.java:385)
	at org.apache.maven.surefire.booter.ForkedBooter.execute(ForkedBooter.java:162)
	at org.apache.maven.surefire.booter.ForkedBooter.run(ForkedBooter.java:507)
	at org.apache.maven.surefire.booter.ForkedBooter.main(ForkedBooter.java:495)
	Suppressed: org.openqa.selenium.json.JsonException: Attempting to close incomplete json stream
Build info: version: '4.13.0', revision: 'ba948ece5b*'
System info: os.name: 'Windows 10', os.arch: 'amd64', os.version: '10.0', java.version: '11.0.19'
Driver info: driver.version: RemoteWebDriver
		at org.openqa.selenium.json.JsonOutput.close(JsonOutput.java:431)
		at org.openqa.selenium.json.Json.toJson(Json.java:131)
		... 44 more
Caused by: java.lang.reflect.InvocationTargetException
	at java.base/jdk.internal.reflect.NativeMethodAccessorImpl.invoke0(Native Method)
	at java.base/jdk.internal.reflect.NativeMethodAccessorImpl.invoke(NativeMethodAccessorImpl.java:62)
	at java.base/jdk.internal.reflect.DelegatingMethodAccessorImpl.invoke(DelegatingMethodAccessorImpl.java:43)
	at java.base/java.lang.reflect.Method.invoke(Method.java:566)
	at org.openqa.selenium.json.JsonOutput.convertUsingMethod(JsonOutput.java:516)
	... 65 more
Caused by: org.openqa.selenium.WebDriverException: Failed to decode response from marionette
Build info: version: '4.13.0', revision: 'ba948ece5b*'
System info: os.name: 'Windows 10', os.arch: 'amd64', os.version: '10.0', java.version: '11.0.19'
Driver info: org.openqa.selenium.firefox.FirefoxDriver
Command: [88cf75a7-1efd-44ef-a995-5a4dc76a78c8, findElement {using=xpath, value=//img[@src="themes/softed/images/user.PNG"]}]
Capabilities {acceptInsecureCerts: true, browserName: firefox, browserVersion: 119.0, moz:accessibilityChecks: false, moz:buildID: 20231019122658, moz:debuggerAddress: 127.0.0.1:26231, moz:geckodriverVersion: 0.33.0, moz:headless: false, moz:platformVersion: 10.0, moz:processID: 12108, moz:profile: C:\Users\HP\AppData\Local\T..., moz:shutdownTimeout: 60000, moz:webdriverClick: true, moz:windowless: false, pageLoadStrategy: normal, platformName: windows, proxy: Proxy(), se:cdp: ws://127.0.0.1:26231/devtoo..., se:cdpVersion: 85.0, setWindowRect: true, strictFileInteractability: false, timeouts: {implicit: 0, pageLoad: 300000, script: 30000}, unhandledPromptBehavior: dismiss and notify}
Session ID: 88cf75a7-1efd-44ef-a995-5a4dc76a78c8
	at java.base/jdk.internal.reflect.NativeConstructorAccessorImpl.newInstance0(Native Method)
	at java.base/jdk.internal.reflect.NativeConstructorAccessorImpl.newInstance(NativeConstructorAccessorImpl.java:62)
	at java.base/jdk.internal.reflect.DelegatingConstructorAccessorImpl.newInstance(DelegatingConstructorAccessorImpl.java:45)
	at java.base/java.lang.reflect.Constructor.newInstance(Constructor.java:490)
	at org.openqa.selenium.remote.codec.w3c.W3CHttpResponseCodec.createException(W3CHttpResponseCodec.java:200)
	at org.openqa.selenium.remote.codec.w3c.W3CHttpResponseCodec.decode(W3CHttpResponseCodec.java:133)
	at org.openqa.selenium.remote.codec.w3c.W3CHttpResponseCodec.decode(W3CHttpResponseCodec.java:52)
	at org.openqa.selenium.remote.HttpCommandExecutor.execute(HttpCommandExecutor.java:191)
	at org.openqa.selenium.remote.service.DriverCommandExecutor.invokeExecute(DriverCommandExecutor.java:196)
	at org.openqa.selenium.remote.service.DriverCommandExecutor.execute(DriverCommandExecutor.java:171)
	at org.openqa.selenium.remote.RemoteWebDriver.execute(RemoteWebDriver.java:602)
	at org.openqa.selenium.remote.ElementLocation$ElementFinder$2.findElement(ElementLocation.java:165)
	at org.openqa.selenium.remote.ElementLocation.findElement(ElementLocation.java:59)
	at org.openqa.selenium.remote.RemoteWebDriver.findElement(RemoteWebDriver.java:359)
	at org.openqa.selenium.remote.RemoteWebDriver.findElement(RemoteWebDriver.java:353)
	at org.openqa.selenium.support.pagefactory.DefaultElementLocator.findElement(DefaultElementLocator.java:68)
	at org.openqa.selenium.support.pagefactory.internal.LocatingElementHandler.invoke(LocatingElementHandler.java:38)
	at com.sun.proxy.$Proxy19.getWrappedElement(Unknown Source)
	at org.openqa.selenium.interactions.PointerInput$Origin.asArg(PointerInput.java:259)
	at org.openqa.selenium.interactions.PointerInput$Move.encode(PointerInput.java:208)
	at org.openqa.selenium.interactions.Sequence.encode(Sequence.java:72)
	at org.openqa.selenium.interactions.Sequence.toJson(Sequence.java:81)
	... 70 more
]]></failure>
  </testcase>
  <testcase name="amConfig" classname="leads_Module.ToCreatLeadTest" time="0.0">
    <skipped/>
  </testcase>
  <testcase name="bmConfig" classname="leads_Module.ToCreatLeadTest" time="0.0">
    <skipped/>
  </testcase>
  <testcase name="acConfig" classname="leads_Module.ToCreatLeadTest" time="0.0">
    <skipped/>
  </testcase>
</testsuite>