<?xml version="1.0" encoding="UTF-8"?>
<testng-results ignored="0" total="1" passed="1" failed="0" skipped="0">
  <reporter-output>
  </reporter-output>
  <suite started-at="2023-10-27T16:27:34 IST" name="Suite" finished-at="2023-10-27T16:28:04 IST" duration-ms="29048">
    <groups>
    </groups>
    <test started-at="2023-10-27T16:27:34 IST" name="Test" finished-at="2023-10-27T16:28:04 IST" duration-ms="29048">
      <class name="leads_Module.ToCreatLeadTest">
        <test-method is-config="true" signature="bsConfig()[pri:0, instance:leads_Module.ToCreatLeadTest@13e344d]" started-at="2023-10-27T16:27:34 IST" name="bsConfig" finished-at="2023-10-27T16:27:34 IST" duration-ms="19" status="PASS">
          <reporter-output>
          </reporter-output>
        </test-method> <!-- bsConfig -->
        <test-method is-config="true" signature="bcConfig()[pri:0, instance:leads_Module.ToCreatLeadTest@13e344d]" started-at="2023-10-27T16:27:35 IST" name="bcConfig" finished-at="2023-10-27T16:27:41 IST" duration-ms="6715" status="PASS">
          <reporter-output>
          </reporter-output>
        </test-method> <!-- bcConfig -->
        <test-method is-config="true" signature="bmConfig()[pri:0, instance:leads_Module.ToCreatLeadTest@13e344d]" started-at="2023-10-27T16:27:41 IST" name="bmConfig" finished-at="2023-10-27T16:27:46 IST" duration-ms="4472" status="PASS">
          <reporter-output>
          </reporter-output>
        </test-method> <!-- bmConfig -->
        <test-method signature="toCreateALeadAndToVerifyTheLeadInformation()[pri:0, instance:leads_Module.ToCreatLeadTest@13e344d]" started-at="2023-10-27T16:27:46 IST" name="toCreateALeadAndToVerifyTheLeadInformation" finished-at="2023-10-27T16:28:01 IST" duration-ms="15409" status="PASS">
          <reporter-output>
          </reporter-output>
        </test-method> <!-- toCreateALeadAndToVerifyTheLeadInformation -->
        <test-method is-config="true" signature="amConfig()[pri:0, instance:leads_Module.ToCreatLeadTest@13e344d]" started-at="2023-10-27T16:28:01 IST" name="amConfig" finished-at="2023-10-27T16:28:03 IST" duration-ms="1959" status="PASS">
          <reporter-output>
          </reporter-output>
        </test-method> <!-- amConfig -->
        <test-method is-config="true" signature="acConfig()[pri:0, instance:leads_Module.ToCreatLeadTest@13e344d]" started-at="2023-10-27T16:28:03 IST" name="acConfig" finished-at="2023-10-27T16:28:04 IST" duration-ms="430" status="PASS">
          <reporter-output>
          </reporter-output>
        </test-method> <!-- acConfig -->
        <test-method is-config="true" signature="asConfig()[pri:0, instance:leads_Module.ToCreatLeadTest@13e344d]" started-at="2023-10-27T16:28:04 IST" name="asConfig" finished-at="2023-10-27T16:28:04 IST" duration-ms="1" status="PASS">
          <reporter-output>
          </reporter-output>
        </test-method> <!-- asConfig -->
      </class> <!-- leads_Module.ToCreatLeadTest -->
    </test> <!-- Test -->
  </suite> <!-- Suite -->
</testng-results>
