<?xml version="1.0" encoding="UTF-8"?>
<testng-results ignored="0" total="2" passed="2" failed="0" skipped="0">
  <reporter-output>
  </reporter-output>
  <suite started-at="2023-10-27T20:36:12 IST" name="Suite" finished-at="2023-10-27T20:36:38 IST" duration-ms="26120">
    <groups>
    </groups>
    <test started-at="2023-10-27T20:36:12 IST" name="Test" finished-at="2023-10-27T20:36:38 IST" duration-ms="26120">
      <class name="leads_Module.ToCreatLeadTest">
        <test-method is-config="true" signature="bsConfig()[pri:0, instance:leads_Module.ToCreatLeadTest@6574a52c]" started-at="2023-10-27T20:36:12 IST" name="bsConfig" finished-at="2023-10-27T20:36:12 IST" duration-ms="17" status="PASS">
          <reporter-output>
          </reporter-output>
        </test-method> <!-- bsConfig -->
        <test-method is-config="true" signature="bcConfig()[pri:0, instance:leads_Module.ToCreatLeadTest@6574a52c]" started-at="2023-10-27T20:36:12 IST" name="bcConfig" finished-at="2023-10-27T20:36:18 IST" duration-ms="6347" status="PASS">
          <reporter-output>
          </reporter-output>
        </test-method> <!-- bcConfig -->
        <test-method is-config="true" signature="bmConfig()[pri:0, instance:leads_Module.ToCreatLeadTest@6574a52c]" started-at="2023-10-27T20:36:18 IST" name="bmConfig" finished-at="2023-10-27T20:36:22 IST" duration-ms="3746" status="PASS">
          <reporter-output>
          </reporter-output>
        </test-method> <!-- bmConfig -->
        <test-method signature="toCreateALeadAndToVerifyTheLeadInformation()[pri:0, instance:leads_Module.ToCreatLeadTest@6574a52c]" started-at="2023-10-27T20:36:22 IST" name="toCreateALeadAndToVerifyTheLeadInformation" finished-at="2023-10-27T20:36:36 IST" duration-ms="13658" status="PASS">
          <reporter-output>
          </reporter-output>
        </test-method> <!-- toCreateALeadAndToVerifyTheLeadInformation -->
        <test-method is-config="true" signature="amConfig()[pri:0, instance:leads_Module.ToCreatLeadTest@6574a52c]" started-at="2023-10-27T20:36:36 IST" name="amConfig" finished-at="2023-10-27T20:36:38 IST" duration-ms="1747" status="PASS">
          <reporter-output>
          </reporter-output>
        </test-method> <!-- amConfig -->
        <test-method is-config="true" signature="acConfig()[pri:0, instance:leads_Module.ToCreatLeadTest@6574a52c]" started-at="2023-10-27T20:36:38 IST" name="acConfig" finished-at="2023-10-27T20:36:38 IST" duration-ms="553" status="PASS">
          <reporter-output>
          </reporter-output>
        </test-method> <!-- acConfig -->
        <test-method is-config="true" signature="asConfig()[pri:0, instance:leads_Module.ToCreatLeadTest@6574a52c]" started-at="2023-10-27T20:36:38 IST" name="asConfig" finished-at="2023-10-27T20:36:38 IST" duration-ms="1" status="PASS">
          <reporter-output>
          </reporter-output>
        </test-method> <!-- asConfig -->
      </class> <!-- leads_Module.ToCreatLeadTest -->
    </test> <!-- Test -->
  </suite> <!-- Suite -->
  <suite started-at="2023-10-27T20:36:38 IST" name="Suite (0)" finished-at="2023-10-27T20:36:51 IST" duration-ms="13096">
    <groups>
    </groups>
    <test started-at="2023-10-27T20:36:38 IST" name="Test" finished-at="2023-10-27T20:36:51 IST" duration-ms="13096">
      <class name="product_Module.ToCreateAProductTest">
        <test-method is-config="true" signature="bsConfig()[pri:0, instance:product_Module.ToCreateAProductTest@4c60d6e9]" started-at="2023-10-27T20:36:38 IST" name="bsConfig" finished-at="2023-10-27T20:36:38 IST" duration-ms="0" status="PASS">
          <reporter-output>
          </reporter-output>
        </test-method> <!-- bsConfig -->
        <test-method is-config="true" signature="bcConfig()[pri:0, instance:product_Module.ToCreateAProductTest@4c60d6e9]" started-at="2023-10-27T20:36:38 IST" name="bcConfig" finished-at="2023-10-27T20:36:42 IST" duration-ms="3730" status="PASS">
          <reporter-output>
          </reporter-output>
        </test-method> <!-- bcConfig -->
        <test-method is-config="true" signature="bmConfig()[pri:0, instance:product_Module.ToCreateAProductTest@4c60d6e9]" started-at="2023-10-27T20:36:42 IST" name="bmConfig" finished-at="2023-10-27T20:36:46 IST" duration-ms="3754" status="PASS">
          <reporter-output>
          </reporter-output>
        </test-method> <!-- bmConfig -->
        <test-method signature="toCreateAProductWithVendorInformation()[pri:0, instance:product_Module.ToCreateAProductTest@4c60d6e9]" started-at="2023-10-27T20:36:46 IST" name="toCreateAProductWithVendorInformation" finished-at="2023-10-27T20:36:46 IST" duration-ms="239" status="PASS">
          <reporter-output>
          </reporter-output>
        </test-method> <!-- toCreateAProductWithVendorInformation -->
        <test-method is-config="true" signature="amConfig()[pri:0, instance:product_Module.ToCreateAProductTest@4c60d6e9]" started-at="2023-10-27T20:36:46 IST" name="amConfig" finished-at="2023-10-27T20:36:51 IST" duration-ms="4927" status="PASS">
          <reporter-output>
          </reporter-output>
        </test-method> <!-- amConfig -->
        <test-method is-config="true" signature="acConfig()[pri:0, instance:product_Module.ToCreateAProductTest@4c60d6e9]" started-at="2023-10-27T20:36:51 IST" name="acConfig" finished-at="2023-10-27T20:36:51 IST" duration-ms="439" status="PASS">
          <reporter-output>
          </reporter-output>
        </test-method> <!-- acConfig -->
        <test-method is-config="true" signature="asConfig()[pri:0, instance:product_Module.ToCreateAProductTest@4c60d6e9]" started-at="2023-10-27T20:36:51 IST" name="asConfig" finished-at="2023-10-27T20:36:51 IST" duration-ms="0" status="PASS">
          <reporter-output>
          </reporter-output>
        </test-method> <!-- asConfig -->
      </class> <!-- product_Module.ToCreateAProductTest -->
    </test> <!-- Test -->
  </suite> <!-- Suite (0) -->
</testng-results>
