<?xml version="1.0" encoding="UTF-8"?>
<testng-results ignored="0" total="1" passed="0" failed="1" skipped="0">
  <reporter-output>
  </reporter-output>
  <suite started-at="2023-10-18T13:56:31 IST" name="Default suite" finished-at="2023-10-18T13:56:57 IST" duration-ms="25208">
    <groups>
    </groups>
    <test started-at="2023-10-18T13:56:31 IST" name="Default test" finished-at="2023-10-18T13:56:57 IST" duration-ms="25208">
      <class name="product_Module.ToCreateAProductTest">
        <test-method is-config="true" signature="bsConfig()[pri:0, instance:product_Module.ToCreateAProductTest@3b0fe47a]" started-at="2023-10-18T13:56:31 IST" name="bsConfig" finished-at="2023-10-18T13:56:31 IST" duration-ms="15" status="PASS">
          <reporter-output>
          </reporter-output>
        </test-method> <!-- bsConfig -->
        <test-method is-config="true" signature="bcConfig()[pri:0, instance:product_Module.ToCreateAProductTest@3b0fe47a]" started-at="2023-10-18T13:56:31 IST" name="bcConfig" finished-at="2023-10-18T13:56:44 IST" duration-ms="12800" status="PASS">
          <reporter-output>
          </reporter-output>
        </test-method> <!-- bcConfig -->
        <test-method is-config="true" signature="bmConfig()[pri:0, instance:product_Module.ToCreateAProductTest@3b0fe47a]" started-at="2023-10-18T13:56:44 IST" name="bmConfig" finished-at="2023-10-18T13:56:49 IST" duration-ms="4886" status="PASS">
          <reporter-output>
          </reporter-output>
        </test-method> <!-- bmConfig -->
        <test-method signature="toCreateAProductWithVendorInformation()[pri:0, instance:product_Module.ToCreateAProductTest@3b0fe47a]" started-at="2023-10-18T13:56:49 IST" name="toCreateAProductWithVendorInformation" finished-at="2023-10-18T13:56:52 IST" duration-ms="2746" status="FAIL">
          <exception class="java.lang.NullPointerException">
            <message>
              <![CDATA[Cannot invoke "org.apache.poi.ss.usermodel.Sheet.getRow(int)" because the return value of "org.apache.poi.ss.usermodel.Workbook.getSheet(String)" is null]]>
            </message>
            <full-stacktrace>
              <![CDATA[java.lang.NullPointerException: Cannot invoke "org.apache.poi.ss.usermodel.Sheet.getRow(int)" because the return value of "org.apache.poi.ss.usermodel.Workbook.getSheet(String)" is null
at generic_Utility.D_ExcellUtility.featchDateDataFromExcelSheet(D_ExcellUtility.java:56)
at product_Module.ToCreateAProductTest.toCreateAProductWithVendorInformation(ToCreateAProductTest.java:18)
at java.base/jdk.internal.reflect.DirectMethodHandleAccessor.invoke(DirectMethodHandleAccessor.java:104)
at java.base/java.lang.reflect.Method.invoke(Method.java:578)
at org.testng.internal.invokers.MethodInvocationHelper.invokeMethod(MethodInvocationHelper.java:139)
at org.testng.internal.invokers.TestInvoker.invokeMethod(TestInvoker.java:664)
at org.testng.internal.invokers.TestInvoker.invokeTestMethod(TestInvoker.java:227)
at org.testng.internal.invokers.MethodRunner.runInSequence(MethodRunner.java:50)
at org.testng.internal.invokers.TestInvoker$MethodInvocationAgent.invoke(TestInvoker.java:957)
at org.testng.internal.invokers.TestInvoker.invokeTestMethods(TestInvoker.java:200)
at org.testng.internal.invokers.TestMethodWorker.invokeTestMethods(TestMethodWorker.java:148)
at org.testng.internal.invokers.TestMethodWorker.run(TestMethodWorker.java:128)
at java.base/java.util.ArrayList.forEach(ArrayList.java:1511)
at org.testng.TestRunner.privateRun(TestRunner.java:848)
at org.testng.TestRunner.run(TestRunner.java:621)
at org.testng.SuiteRunner.runTest(SuiteRunner.java:443)
at org.testng.SuiteRunner.runSequentially(SuiteRunner.java:437)
at org.testng.SuiteRunner.privateRun(SuiteRunner.java:397)
at org.testng.SuiteRunner.run(SuiteRunner.java:336)
at org.testng.SuiteRunnerWorker.runSuite(SuiteRunnerWorker.java:52)
at org.testng.SuiteRunnerWorker.run(SuiteRunnerWorker.java:95)
at org.testng.TestNG.runSuitesSequentially(TestNG.java:1280)
at org.testng.TestNG.runSuitesLocally(TestNG.java:1200)
at org.testng.TestNG.runSuites(TestNG.java:1114)
at org.testng.TestNG.run(TestNG.java:1082)
at org.testng.remote.AbstractRemoteTestNG.run(AbstractRemoteTestNG.java:115)
at org.testng.remote.RemoteTestNG.initAndRun(RemoteTestNG.java:251)
at org.testng.remote.RemoteTestNG.main(RemoteTestNG.java:77)
]]>
            </full-stacktrace>
          </exception> <!-- java.lang.NullPointerException -->
          <reporter-output>
          </reporter-output>
        </test-method> <!-- toCreateAProductWithVendorInformation -->
        <test-method is-config="true" signature="amConfig()[pri:0, instance:product_Module.ToCreateAProductTest@3b0fe47a]" started-at="2023-10-18T13:56:52 IST" name="amConfig" finished-at="2023-10-18T13:56:56 IST" duration-ms="4301" status="PASS">
          <reporter-output>
          </reporter-output>
        </test-method> <!-- amConfig -->
        <test-method is-config="true" signature="acConfig()[pri:0, instance:product_Module.ToCreateAProductTest@3b0fe47a]" started-at="2023-10-18T13:56:56 IST" name="acConfig" finished-at="2023-10-18T13:56:57 IST" duration-ms="400" status="PASS">
          <reporter-output>
          </reporter-output>
        </test-method> <!-- acConfig -->
        <test-method is-config="true" signature="asConfig()[pri:0, instance:product_Module.ToCreateAProductTest@3b0fe47a]" started-at="2023-10-18T13:56:57 IST" name="asConfig" finished-at="2023-10-18T13:56:57 IST" duration-ms="0" status="PASS">
          <reporter-output>
          </reporter-output>
        </test-method> <!-- asConfig -->
      </class> <!-- product_Module.ToCreateAProductTest -->
    </test> <!-- Default test -->
  </suite> <!-- Default suite -->
</testng-results>
