<?xml version="1.0" encoding="UTF-8"?>
<testng-results ignored="0" total="1" passed="1" failed="0" skipped="0">
  <reporter-output>
  </reporter-output>
  <suite started-at="2023-10-27T20:20:21 IST" name="Default suite" finished-at="2023-10-27T20:20:38 IST" duration-ms="16638">
    <groups>
    </groups>
    <test started-at="2023-10-27T20:20:21 IST" name="Default test" finished-at="2023-10-27T20:20:38 IST" duration-ms="16638">
      <class name="product_Module.ToCreateAProductTest">
        <test-method is-config="true" signature="bsConfig()[pri:0, instance:product_Module.ToCreateAProductTest@3b0fe47a]" started-at="2023-10-27T20:20:21 IST" name="bsConfig" finished-at="2023-10-27T20:20:21 IST" duration-ms="15" status="PASS">
          <reporter-output>
          </reporter-output>
        </test-method> <!-- bsConfig -->
        <test-method is-config="true" signature="bcConfig()[pri:0, instance:product_Module.ToCreateAProductTest@3b0fe47a]" started-at="2023-10-27T20:20:21 IST" name="bcConfig" finished-at="2023-10-27T20:20:28 IST" duration-ms="6300" status="PASS">
          <reporter-output>
          </reporter-output>
        </test-method> <!-- bcConfig -->
        <test-method is-config="true" signature="bmConfig()[pri:0, instance:product_Module.ToCreateAProductTest@3b0fe47a]" started-at="2023-10-27T20:20:28 IST" name="bmConfig" finished-at="2023-10-27T20:20:31 IST" duration-ms="3783" status="PASS">
          <reporter-output>
          </reporter-output>
        </test-method> <!-- bmConfig -->
        <test-method signature="toCreateAProductWithVendorInformation()[pri:0, instance:product_Module.ToCreateAProductTest@3b0fe47a]" started-at="2023-10-27T20:20:31 IST" name="toCreateAProductWithVendorInformation" finished-at="2023-10-27T20:20:33 IST" duration-ms="2015" status="PASS">
          <reporter-output>
          </reporter-output>
        </test-method> <!-- toCreateAProductWithVendorInformation -->
        <test-method is-config="true" signature="amConfig()[pri:0, instance:product_Module.ToCreateAProductTest@3b0fe47a]" started-at="2023-10-27T20:20:33 IST" name="amConfig" finished-at="2023-10-27T20:20:37 IST" duration-ms="4082" status="PASS">
          <reporter-output>
          </reporter-output>
        </test-method> <!-- amConfig -->
        <test-method is-config="true" signature="acConfig()[pri:0, instance:product_Module.ToCreateAProductTest@3b0fe47a]" started-at="2023-10-27T20:20:37 IST" name="acConfig" finished-at="2023-10-27T20:20:38 IST" duration-ms="383" status="PASS">
          <reporter-output>
          </reporter-output>
        </test-method> <!-- acConfig -->
        <test-method is-config="true" signature="asConfig()[pri:0, instance:product_Module.ToCreateAProductTest@3b0fe47a]" started-at="2023-10-27T20:20:38 IST" name="asConfig" finished-at="2023-10-27T20:20:38 IST" duration-ms="1" status="PASS">
          <reporter-output>
          </reporter-output>
        </test-method> <!-- asConfig -->
      </class> <!-- product_Module.ToCreateAProductTest -->
    </test> <!-- Default test -->
  </suite> <!-- Default suite -->
</testng-results>
